This is Common TeX, Version 2.0 (INITEX) 3 APR 1987 14:39
**texinfo.tex 
(./texinfo.tex)
Runaway definition?
{1} \message {Loading texinfo package [Version \texinfoversion \ETC
! File ended while scanning definition of \texinfoversion.
<inserted text> 
                }
<*> texinfo.tex 
                
? q
OK, entering \batchmode...
! Missing { inserted.
<inserted text> }
                 
<*> texinfo.tex 
                
Where was the left brace? You said something like `\def\a}',
which I'm going to interpret as `\def\a{}'.

! Emergency stop.
<*> texinfo.tex 
                
*** (job aborted, no legal \end found)

No pages of output.
